<?xml version="1.0" encoding="UTF-8"?>
<!-- Generated by org.testng.reporters.JUnitXMLReporter -->
<testsuite ignored="0" hostname="Sandeshs-MacBook-Air.local" failures="0" tests="5" name="oneMoreTest" time="20.049" errors="0" timestamp="2025-08-19T21:35:38 IST">
  <testcase classname="tests.TestTwo" name="LoginTest" time="0.001"/>
  <testcase classname="tests.TestTwo" name="groupTestCase" time="0.001"/>
  <testcase classname="tests.TestTwo" name="smokeTestCase" time="0.0"/>
  <testcase classname="tests.TestTwo" name="testInTestTwo" time="0.0"/>
  <testcase classname="tests.TestTwo" name="verifyDashboard" time="0.001"/>
</testsuite> <!-- oneMoreTest -->
