<?xml version="1.0" encoding="UTF-8"?>
<!-- Generated by org.testng.reporters.JUnitXMLReporter -->
<testsuite ignored="0" hostname="Sandeshs-MacBook-Air.local" failures="1" tests="6" name="TestExampleOnSafari" time="20.522" errors="0" timestamp="2025-08-22T22:11:42 IST">
  <testcase classname="tests.LoginTest" name="performLogin" time="6.116">
    <failure type="org.openqa.selenium.TimeoutException" message="Expected condition failed: waiting for title to be &amp;quot;Automation Exercise&amp;quot;. Current title: &amp;quot;Automation Exercise - Signup / Login&amp;quot; (tried for 5 second(s) with 500 milliseconds interval)
Build info: version: &amp;apos;4.34.0&amp;apos;, revision: &amp;apos;707dcb4246*&amp;apos;
System info: os.name: &amp;apos;Mac OS X&amp;apos;, os.arch: &amp;apos;aarch64&amp;apos;, os.version: &amp;apos;15.5&amp;apos;, java.version: &amp;apos;21.0.7&amp;apos;
Driver info: org.openqa.selenium.safari.SafariDriver
Capabilities {acceptInsecureCerts: false, browserName: Safari, browserVersion: 18.5, platformName: mac, safari:automaticInspection: false, safari:automaticProfiling: false, safari:diagnose: false, safari:platformBuildVersion: 24F74, safari:platformVersion: 15.5, safari:useSimulator: false, setWindowRect: true, strictFileInteractability: false, webkit:WebRTC: {DisableICECandidateFiltering: false, DisableInsecureMediaCapture: false}}
Session ID: 16CC5497-8CA7-425D-9AAB-328A47D338DF">
      <![CDATA[org.openqa.selenium.TimeoutException: Expected condition failed: waiting for title to be "Automation Exercise". Current title: "Automation Exercise - Signup / Login" (tried for 5 second(s) with 500 milliseconds interval)
Build info: version: '4.34.0', revision: '707dcb4246*'
System info: os.name: 'Mac OS X', os.arch: 'aarch64', os.version: '15.5', java.version: '21.0.7'
Driver info: org.openqa.selenium.safari.SafariDriver
Capabilities {acceptInsecureCerts: false, browserName: Safari, browserVersion: 18.5, platformName: mac, safari:automaticInspection: false, safari:automaticProfiling: false, safari:diagnose: false, safari:platformBuildVersion: 24F74, safari:platformVersion: 15.5, safari:useSimulator: false, setWindowRect: true, strictFileInteractability: false, webkit:WebRTC: {DisableICECandidateFiltering: false, DisableInsecureMediaCapture: false}}
Session ID: 16CC5497-8CA7-425D-9AAB-328A47D338DF
at org.openqa.selenium.support.ui.WebDriverWait.timeoutException(WebDriverWait.java:84)
at org.openqa.selenium.support.ui.FluentWait.until(FluentWait.java:228)
at tests.LoginTest.performLogin(LoginTest.java:33)
at java.base/java.util.concurrent.Executors$RunnableAdapter.call(Executors.java:572)
at java.base/java.util.concurrent.FutureTask.run(FutureTask.java:317)
at java.base/java.util.concurrent.ThreadPoolExecutor.runWorker(ThreadPoolExecutor.java:1144)
at java.base/java.util.concurrent.ThreadPoolExecutor$Worker.run(ThreadPoolExecutor.java:642)
at java.base/java.lang.Thread.run(Thread.java:1583)
... Removed 11 stack frames]]>
    </failure>
  </testcase> <!-- performLogin -->
  <testcase classname="tests.LoginTest" name="testLogin" time="0.0">
    <skipped/>
  </testcase> <!-- testLogin -->
  <testcase classname="tests.LoginTest" name="testLogin" time="0.0">
    <skipped/>
  </testcase> <!-- testLogin -->
  <testcase classname="tests.LoginTest" name="testLogin" time="0.0">
    <skipped/>
  </testcase> <!-- testLogin -->
  <testcase classname="tests.LoginTest" name="testLoginExcel" time="0.0">
    <skipped/>
  </testcase> <!-- testLoginExcel -->
  <testcase classname="tests.LoginTest" name="testLoginExcel" time="0.0">
    <skipped/>
  </testcase> <!-- testLoginExcel -->
</testsuite> <!-- TestExampleOnSafari -->
