<?xml version="1.0" encoding="UTF-8"?>
<!-- Generated by org.testng.reporters.JUnitXMLReporter -->
<testsuite ignored="6" hostname="Sandeshs-MacBook-Air.local" failures="0" tests="8" name="Surefire test" time="5.117" errors="0" timestamp="2025-08-21T20:18:25 IST">
  <testcase classname="tests.TestOne" name="testMethod" time="0.002"/>
  <testcase classname="tests.TestOne" name="testMethod2" time="0.0"/>
  <testcase classname="tests.LoginTest" name="performLogin" time="0.147"/>
  <testcase classname="tests.TestTwo" name="LoginTest" time="0.001"/>
  <testcase classname="tests.TestTwo" name="groupTestCase" time="0.001"/>
  <testcase classname="tests.TestTwo" name="smokeTestCase" time="0.0"/>
  <testcase classname="tests.TestTwo" name="testInTestTwo" time="0.003"/>
  <testcase classname="tests.TestTwo" name="verifyDashboard" time="0.001"/>
  <testcase classname="tests.BaseTest" name="@AfterTest tearDown" time="0.0">
    <ignored/>
  </testcase> <!-- @AfterTest tearDown -->
  <testcase classname="tests.BaseTest" name="@AfterTest tearDown" time="0.0">
    <ignored/>
  </testcase> <!-- @AfterTest tearDown -->
  <testcase classname="tests.BaseTest" name="@BeforeTest setup" time="0.0">
    <ignored/>
  </testcase> <!-- @BeforeTest setup -->
  <testcase classname="tests.BaseTest" name="@BeforeTest setup" time="0.0">
    <ignored/>
  </testcase> <!-- @BeforeTest setup -->
  <testcase classname="tests.BaseTest" name="@BeforeTest setup" time="0.0">
    <ignored/>
  </testcase> <!-- @BeforeTest setup -->
  <testcase classname="tests.BaseTest" name="@AfterTest tearDown" time="0.0">
    <ignored/>
  </testcase> <!-- @AfterTest tearDown -->
</testsuite> <!-- Surefire test -->
