<?xml version="1.0" encoding="UTF-8"?>
<testsuite xmlns:xsi="http://www.w3.org/2001/XMLSchema-instance" xsi:noNamespaceSchemaLocation="https://maven.apache.org/surefire/maven-surefire-plugin/xsd/surefire-test-report.xsd" version="3.0.2" name="TestSuite" time="7.97" tests="9" errors="0" skipped="0" failures="0">
  <properties>
[...]
</properties>
  <testcase name="LoginTest" classname="tests.TestTwo" time="0.002">
    <system-out><![CDATA[This is login test case
]]></system-out>
    <system-err><![CDATA[SLF4J(W): No SLF4J providers were found.
SLF4J(W): Defaulting to no-operation (NOP) logger implementation
SLF4J(W): See https://www.slf4j.org/codes.html#noProviders for further details.
Aug 21, 2025 8:19:15 PM org.openqa.selenium.devtools.CdpVersionFinder findNearestMatch
WARNING: Unable to find an exact match for CDP version 139, returning the closest version; found: 138; Please update to a Selenium version that supports CDP version 139
]]></system-err>
  </testcase>
  <testcase name="groupTestCase" classname="tests.TestTwo" time="0.001">
    <system-out><![CDATA[This test case belongs to Regression and Smoke
]]></system-out>
  </testcase>
  <testcase name="smokeTestCase" classname="tests.TestTwo" time="0.001">
    <system-out><![CDATA[This test case belongs to Smoke
]]></system-out>
  </testcase>
  <testcase name="testInTestTwo" classname="tests.TestTwo" time="0.0">
    <system-out><![CDATA[Test in test 2 called
]]></system-out>
  </testcase>
  <testcase name="verifyDashboard" classname="tests.TestTwo" time="0.001">
    <system-out><![CDATA[This is To verify dashboard
]]></system-out>
  </testcase>
  <testcase name="testMethod" classname="tests.TestOne" time="0.001">
    <system-out><![CDATA[This is test case 1
]]></system-out>
  </testcase>
  <testcase name="testMethod2" classname="tests.TestOne" time="0.0">
    <system-out><![CDATA[This is test case 2
]]></system-out>
  </testcase>
  <testcase name="performLogin" classname="tests.LoginTest" time="0.078"/>
  <testcase name="performLogin" classname="tests.LoginTest" time="0.93">
    <system-err><![CDATA[Aug 21, 2025 8:19:18 PM org.openqa.selenium.devtools.CdpVersionFinder findNearestMatch
WARNING: Unable to find an exact match for CDP version 139, returning the closest version; found: 138; Please update to a Selenium version that supports CDP version 139
]]></system-err>
  </testcase>
</testsuite>