<?xml version="1.0" encoding="UTF-8"?>
<testng-results ignored="0" total="9" passed="9" failed="0" skipped="0">
  <reporter-output>
  </reporter-output>
  <suite started-at="2025-08-21T20:19:13 IST" name="ExampleSuite" finished-at="2025-08-21T20:19:21 IST" duration-ms="7771">
    <groups>
      <group name="Regression">
        <method signature="TestTwo.groupTestCase()[pri:0, instance:tests.TestTwo@50a638b5]" name="groupTestCase" class="tests.TestTwo"/>
      </group> <!-- Regression -->
      <group name="Smoke">
        <method signature="TestTwo.groupTestCase()[pri:0, instance:tests.TestTwo@50a638b5]" name="groupTestCase" class="tests.TestTwo"/>
        <method signature="TestTwo.smokeTestCase()[pri:0, instance:tests.TestTwo@50a638b5]" name="smokeTestCase" class="tests.TestTwo"/>
      </group> <!-- Smoke -->
    </groups>
    <test started-at="2025-08-21T20:19:13 IST" name="TestExampleOne" finished-at="2025-08-21T20:19:17 IST" duration-ms="4415">
      <class name="tests.LoginTest">
        <test-method signature="performLogin()[pri:0, instance:tests.LoginTest@4ac3c60d]" started-at="2025-08-21T20:19:17 IST" name="performLogin" finished-at="2025-08-21T20:19:17 IST" duration-ms="77" status="PASS">
          <reporter-output>
          </reporter-output>
        </test-method> <!-- performLogin -->
      </class> <!-- tests.LoginTest -->
      <class name="tests.TestTwo">
        <test-method is-config="true" signature="setup()[pri:0, instance:tests.TestTwo@50a638b5]" started-at="2025-08-21T20:19:13 IST" name="setup" finished-at="2025-08-21T20:19:17 IST" duration-ms="4214" status="PASS">
          <reporter-output>
          </reporter-output>
        </test-method> <!-- setup -->
        <test-method signature="LoginTest()[pri:0, instance:tests.TestTwo@50a638b5]" started-at="2025-08-21T20:19:17 IST" name="LoginTest" finished-at="2025-08-21T20:19:17 IST" duration-ms="2" status="PASS">
          <reporter-output>
          </reporter-output>
        </test-method> <!-- LoginTest -->
        <test-method signature="groupTestCase()[pri:0, instance:tests.TestTwo@50a638b5]" started-at="2025-08-21T20:19:17 IST" name="groupTestCase" finished-at="2025-08-21T20:19:17 IST" duration-ms="1" status="PASS">
          <reporter-output>
          </reporter-output>
        </test-method> <!-- groupTestCase -->
        <test-method signature="smokeTestCase()[pri:0, instance:tests.TestTwo@50a638b5]" started-at="2025-08-21T20:19:17 IST" name="smokeTestCase" finished-at="2025-08-21T20:19:17 IST" duration-ms="0" status="PASS">
          <reporter-output>
          </reporter-output>
        </test-method> <!-- smokeTestCase -->
        <test-method signature="testInTestTwo()[pri:0, instance:tests.TestTwo@50a638b5]" started-at="2025-08-21T20:19:17 IST" name="testInTestTwo" finished-at="2025-08-21T20:19:17 IST" duration-ms="1" status="PASS">
          <reporter-output>
          </reporter-output>
        </test-method> <!-- testInTestTwo -->
        <test-method signature="verifyDashboard()[pri:0, instance:tests.TestTwo@50a638b5]" started-at="2025-08-21T20:19:17 IST" name="verifyDashboard" finished-at="2025-08-21T20:19:17 IST" depends-on-methods="tests.TestTwo.LoginTest" duration-ms="0" status="PASS">
          <reporter-output>
          </reporter-output>
        </test-method> <!-- verifyDashboard -->
        <test-method is-config="true" signature="tearDown()[pri:0, instance:tests.TestTwo@50a638b5]" started-at="2025-08-21T20:19:17 IST" name="tearDown" finished-at="2025-08-21T20:19:17 IST" duration-ms="91" status="PASS">
          <reporter-output>
          </reporter-output>
        </test-method> <!-- tearDown -->
      </class> <!-- tests.TestTwo -->
      <class name="tests.TestOne">
        <test-method signature="testMethod()[pri:0, instance:tests.TestOne@3911c2a7]" started-at="2025-08-21T20:19:17 IST" name="testMethod" finished-at="2025-08-21T20:19:17 IST" duration-ms="1" status="PASS">
          <reporter-output>
          </reporter-output>
        </test-method> <!-- testMethod -->
        <test-method signature="testMethod2()[pri:0, instance:tests.TestOne@3911c2a7]" started-at="2025-08-21T20:19:17 IST" name="testMethod2" finished-at="2025-08-21T20:19:17 IST" duration-ms="0" status="PASS">
          <reporter-output>
          </reporter-output>
        </test-method> <!-- testMethod2 -->
      </class> <!-- tests.TestOne -->
    </test> <!-- TestExampleOne -->
    <test started-at="2025-08-21T20:19:17 IST" name="oneMoreTest" finished-at="2025-08-21T20:19:21 IST" duration-ms="3334">
      <class name="tests.LoginTest">
        <test-method is-config="true" signature="setup()[pri:0, instance:tests.LoginTest@6e20b53a]" started-at="2025-08-21T20:19:17 IST" name="setup" finished-at="2025-08-21T20:19:20 IST" duration-ms="2312" status="PASS">
          <reporter-output>
          </reporter-output>
        </test-method> <!-- setup -->
        <test-method signature="performLogin()[pri:0, instance:tests.LoginTest@6e20b53a]" started-at="2025-08-21T20:19:20 IST" name="performLogin" finished-at="2025-08-21T20:19:21 IST" duration-ms="931" status="PASS">
          <reporter-output>
          </reporter-output>
        </test-method> <!-- performLogin -->
        <test-method is-config="true" signature="tearDown()[pri:0, instance:tests.LoginTest@6e20b53a]" started-at="2025-08-21T20:19:21 IST" name="tearDown" finished-at="2025-08-21T20:19:21 IST" duration-ms="88" status="PASS">
          <reporter-output>
          </reporter-output>
        </test-method> <!-- tearDown -->
      </class> <!-- tests.LoginTest -->
    </test> <!-- oneMoreTest -->
  </suite> <!-- ExampleSuite -->
</testng-results>
