<?xml version="1.0" encoding="UTF-8"?>
<testng-results ignored="0" total="1" passed="1" failed="0" skipped="0">
  <reporter-output>
  </reporter-output>
  <suite started-at="2025-08-21T22:18:33 IST" name="ExampleSuite" finished-at="2025-08-21T22:18:41 IST" duration-ms="8206">
    <groups>
    </groups>
    <test started-at="2025-08-21T22:18:33 IST" name="TestExampleOne" finished-at="2025-08-21T22:18:41 IST" duration-ms="8206">
      <class name="tests.LoginTest">
        <test-method is-config="true" signature="setup(java.lang.String)[pri:0, instance:tests.LoginTest@145f66e3]" started-at="2025-08-21T22:18:33 IST" name="setup" finished-at="2025-08-21T22:18:38 IST" duration-ms="5129" status="PASS">
          <params>
            <param index="0">
              <value>
                <![CDATA[chrome]]>
              </value>
            </param>
          </params>
          <reporter-output>
          </reporter-output>
        </test-method> <!-- setup -->
        <test-method signature="performLogin(java.lang.String,java.lang.String)[pri:0, instance:tests.LoginTest@145f66e3]" started-at="2025-08-21T22:18:38 IST" name="performLogin" finished-at="2025-08-21T22:18:41 IST" duration-ms="2908" status="PASS">
          <params>
            <param index="0">
              <value>
                <![CDATA[Admin@gmail.com]]>
              </value>
            </param>
            <param index="1">
              <value>
                <![CDATA[Admin@123]]>
              </value>
            </param>
          </params>
          <reporter-output>
          </reporter-output>
        </test-method> <!-- performLogin -->
        <test-method is-config="true" signature="tearDown()[pri:0, instance:tests.LoginTest@145f66e3]" started-at="2025-08-21T22:18:41 IST" name="tearDown" finished-at="2025-08-21T22:18:41 IST" duration-ms="140" status="PASS">
          <reporter-output>
          </reporter-output>
        </test-method> <!-- tearDown -->
      </class> <!-- tests.LoginTest -->
    </test> <!-- TestExampleOne -->
  </suite> <!-- ExampleSuite -->
</testng-results>
